2017-08-24 20:17:01 INFO  Client:19 - starting program
2017-08-24 20:17:01 INFO  Client:27 - loading data from local resource file
2017-08-24 20:17:01 INFO  BonusServiceImplementation:24 - Loading bonus data from resource
2017-08-24 20:17:01 INFO  Client:29 - adding bonus data to database from local resource file
2017-08-24 20:17:01 INFO  BonusDAOImplementation:22 - adding bonus
2017-08-24 20:17:02 INFO  Client:31 - adding employee data to database from local resource file
2017-08-24 20:17:02 INFO  EmployeeServiceImplementation:24 - Loading file from resource
2017-08-24 20:17:02 INFO  Client:33 - allocating employee bonus to database
2017-08-24 20:17:02 INFO  BonusDAOImplementation:65 - getting Bonus from DB
2017-08-24 20:17:02 INFO  BonusServiceImplementation:72 - Time taken to calculate program:16
2017-08-24 20:17:02 INFO  Client:45 - program terminated
2017-08-24 20:17:02 INFO  BonusServiceImplementation:84 - allocating bonus to a employees by department No: 2
2017-08-24 20:17:02 INFO  BonusServiceImplementation:84 - allocating bonus to a employees by department No: 3
2017-08-24 20:17:02 INFO  BonusServiceImplementation:84 - allocating bonus to a employees by department No: 4
2017-08-24 20:17:02 INFO  BonusServiceImplementation:84 - allocating bonus to a employees by department No: 2
2017-08-24 20:17:02 INFO  BonusServiceImplementation:84 - allocating bonus to a employees by department No: 1
2017-08-24 20:17:02 INFO  BonusServiceImplementation:84 - allocating bonus to a employees by department No: 4
2017-08-24 20:17:02 INFO  BonusServiceImplementation:84 - allocating bonus to a employees by department No: 3
2017-08-24 20:17:03 INFO  BonusServiceImplementation:84 - allocating bonus to a employees by department No: 2
2017-08-24 20:17:03 INFO  BonusServiceImplementation:84 - allocating bonus to a employees by department No: 4
2017-08-24 20:17:03 INFO  BonusServiceImplementation:84 - allocating bonus to a employees by department No: 2
2017-08-24 20:17:03 INFO  BonusServiceImplementation:84 - allocating bonus to a employees by department No: 3
2017-08-24 20:17:03 INFO  BonusServiceImplementation:84 - allocating bonus to a employees by department No: 4
2017-08-24 20:17:03 INFO  BonusServiceImplementation:84 - allocating bonus to a employees by department No: 2
2017-08-24 20:17:03 INFO  BonusServiceImplementation:84 - allocating bonus to a employees by department No: 3
2017-08-24 20:17:03 INFO  BonusServiceImplementation:84 - allocating bonus to a employees by department No: 1
2017-08-24 20:17:03 INFO  BonusServiceImplementation:84 - allocating bonus to a employees by department No: 4
2017-08-24 20:17:03 INFO  BonusServiceImplementation:84 - allocating bonus to a employees by department No: 3
2017-08-24 20:17:03 INFO  BonusServiceImplementation:84 - allocating bonus to a employees by department No: 1
2017-08-24 20:17:03 INFO  BonusServiceImplementation:84 - allocating bonus to a employees by department No: 4
2017-08-24 20:17:03 INFO  BonusServiceImplementation:84 - allocating bonus to a employees by department No: 1
2017-08-24 20:17:03 INFO  BonusServiceImplementation:84 - allocating bonus to a employees by department No: 4
2017-08-24 20:17:03 INFO  BonusServiceImplementation:84 - allocating bonus to a employees by department No: 4
2017-08-25 01:48:49 INFO  Client:19 - starting program
2017-08-25 01:48:49 INFO  Client:27 - loading data from local resource file
2017-08-25 01:48:49 INFO  BonusServiceImplementation:24 - Loading bonus data from resource
2017-08-25 01:48:49 INFO  Client:29 - adding bonus data to database from local resource file
2017-08-25 01:48:49 INFO  BonusDAOImplementation:22 - adding bonus
2017-08-25 01:48:50 INFO  Client:31 - adding employee data to database from local resource file
2017-08-25 01:48:50 INFO  EmployeeServiceImplementation:24 - Loading file from resource
2017-08-25 01:48:50 INFO  Client:33 - allocating employee bonus to database
2017-08-25 01:48:50 INFO  BonusDAOImplementation:65 - getting Bonus from DB
2017-08-25 01:48:50 INFO  BonusServiceImplementation:72 - Time taken to calculate program:24
2017-08-25 01:48:50 INFO  Client:45 - program terminated
2017-08-25 01:48:51 INFO  BonusServiceImplementation:84 - allocating bonus to a employees by department No: 2
2017-08-25 01:48:51 INFO  BonusServiceImplementation:84 - allocating bonus to a employees by department No: 1
2017-08-25 01:48:51 INFO  BonusServiceImplementation:84 - allocating bonus to a employees by department No: 4
2017-08-25 01:48:51 INFO  BonusServiceImplementation:84 - allocating bonus to a employees by department No: 2
2017-08-25 01:48:51 INFO  BonusServiceImplementation:84 - allocating bonus to a employees by department No: 4
2017-08-25 01:48:51 INFO  BonusServiceImplementation:84 - allocating bonus to a employees by department No: 2
2017-08-25 01:48:51 INFO  BonusServiceImplementation:84 - allocating bonus to a employees by department No: 3
2017-08-25 01:48:51 INFO  BonusServiceImplementation:84 - allocating bonus to a employees by department No: 4
2017-08-25 01:48:51 INFO  BonusServiceImplementation:84 - allocating bonus to a employees by department No: 1
2017-08-25 01:48:51 INFO  BonusServiceImplementation:84 - allocating bonus to a employees by department No: 2
2017-08-25 01:48:51 INFO  BonusServiceImplementation:84 - allocating bonus to a employees by department No: 4
2017-08-25 01:48:51 INFO  BonusServiceImplementation:84 - allocating bonus to a employees by department No: 2
2017-08-25 01:48:51 INFO  BonusServiceImplementation:84 - allocating bonus to a employees by department No: 1
2017-08-25 01:48:51 INFO  BonusServiceImplementation:84 - allocating bonus to a employees by department No: 3
2017-08-25 01:48:51 INFO  BonusServiceImplementation:84 - allocating bonus to a employees by department No: 4
2017-08-25 01:48:51 INFO  BonusServiceImplementation:84 - allocating bonus to a employees by department No: 3
2017-08-25 01:48:51 INFO  BonusServiceImplementation:84 - allocating bonus to a employees by department No: 1
2017-08-25 01:48:51 INFO  BonusServiceImplementation:84 - allocating bonus to a employees by department No: 4
2017-08-25 01:48:51 INFO  BonusServiceImplementation:84 - allocating bonus to a employees by department No: 4
2017-08-25 01:48:51 INFO  BonusServiceImplementation:84 - allocating bonus to a employees by department No: 4
2017-08-25 01:48:51 INFO  BonusServiceImplementation:84 - allocating bonus to a employees by department No: 3
2017-08-25 01:48:51 INFO  BonusServiceImplementation:84 - allocating bonus to a employees by department No: 3
