2017-08-24 00:11:23 INFO  Client:19 - starting program
2017-08-24 00:11:23 INFO  Client:27 - loading data from local resource file
2017-08-24 00:11:23 INFO  BonusServiceImplementation:24 - Loading bonus data from resource
2017-08-24 00:11:23 INFO  Client:29 - adding bonus data to database from local resource file
2017-08-24 00:11:23 INFO  BonusDAOImplementation:22 - adding bonus
2017-08-24 00:11:24 INFO  Client:31 - adding employee data to database from local resource file
2017-08-24 00:11:24 INFO  EmployeeServiceImplementation:25 - Loading file from resource
2017-08-24 00:11:24 INFO  Client:33 - allocating employee bonus to database
2017-08-24 00:11:24 INFO  BonusDAOImplementation:65 - getting Bonus from DB
2017-08-24 00:11:24 INFO  BonusServiceImplementation:70 - Time taken to calculate program:15
2017-08-24 00:11:24 INFO  Client:45 - program terminated
2017-08-24 00:11:24 INFO  BonusServiceImplementation:82 - allocating bonus to a employees by department No: 1
2017-08-24 00:11:24 INFO  BonusServiceImplementation:82 - allocating bonus to a employees by department No: 2
2017-08-24 00:11:24 INFO  BonusServiceImplementation:82 - allocating bonus to a employees by department No: 4
2017-08-24 00:11:24 INFO  BonusServiceImplementation:82 - allocating bonus to a employees by department No: 2
2017-08-24 00:11:24 INFO  BonusServiceImplementation:82 - allocating bonus to a employees by department No: 3
2017-08-24 00:11:24 INFO  BonusServiceImplementation:82 - allocating bonus to a employees by department No: 2
2017-08-24 00:11:24 INFO  BonusServiceImplementation:82 - allocating bonus to a employees by department No: 1
2017-08-24 00:11:24 INFO  BonusServiceImplementation:82 - allocating bonus to a employees by department No: 4
2017-08-24 00:11:24 INFO  BonusServiceImplementation:82 - allocating bonus to a employees by department No: 2
2017-08-24 00:11:24 INFO  BonusServiceImplementation:82 - allocating bonus to a employees by department No: 3
2017-08-24 00:11:24 INFO  BonusServiceImplementation:82 - allocating bonus to a employees by department No: 1
2017-08-24 00:11:24 INFO  BonusServiceImplementation:82 - allocating bonus to a employees by department No: 4
2017-08-24 00:11:24 INFO  BonusServiceImplementation:82 - allocating bonus to a employees by department No: 3
2017-08-24 00:11:24 INFO  BonusServiceImplementation:82 - allocating bonus to a employees by department No: 2
2017-08-24 00:11:24 INFO  BonusServiceImplementation:82 - allocating bonus to a employees by department No: 1
2017-08-24 00:11:24 INFO  BonusServiceImplementation:82 - allocating bonus to a employees by department No: 4
2017-08-24 00:11:24 INFO  BonusServiceImplementation:82 - allocating bonus to a employees by department No: 3
2017-08-24 00:11:25 INFO  BonusServiceImplementation:82 - allocating bonus to a employees by department No: 4
2017-08-24 00:11:25 INFO  BonusServiceImplementation:82 - allocating bonus to a employees by department No: 3
2017-08-24 00:11:25 INFO  BonusServiceImplementation:82 - allocating bonus to a employees by department No: 4
2017-08-24 00:11:25 INFO  BonusServiceImplementation:82 - allocating bonus to a employees by department No: 4
2017-08-24 00:11:25 INFO  BonusServiceImplementation:82 - allocating bonus to a employees by department No: 4
